[2023/10/02 12:53:52] POST /api/cards 404 - 0.912 MS
[2023/10/02 12:56:47] POST /api/cards 404 - 0.867 MS
[2023/10/02 13:01:20] GET /api/cards 404 - 0.518 MS
[2023/10/02 13:01:20] GET /api/cards 404 - 0.474 MS
[2023/10/02 13:26:14] POST /users 400 - 17.298 MS
[2023/10/02 13:28:47] POST /users 500 - 14.800 MS
[2023/10/02 13:30:06] POST /users 500 - 15.632 MS
[2023/10/02 13:30:10] POST /users 500 - 4.724 MS
[2023/10/02 13:37:45] POST /users 500 - 79.232 MS
[2023/10/02 13:40:42] POST /users 500 - 79.457 MS
[2023/10/02 13:46:20] POST /users 500 - 77.721 MS
[2023/10/02 13:46:59] POST /users 500 - 61.188 MS
[2023/10/02 14:19:11] GET /api/cards 404 - 0.945 MS
[2023/10/02 14:19:11] GET /api/cards 404 - 0.940 MS
[2023/10/02 14:19:43] GET /api/cards 404 - 1.247 MS
[2023/10/02 14:20:05] GET /api/cards 404 - 0.784 MS
[2023/10/02 14:20:05] GET /api/cards 404 - 1.220 MS
[2023/10/02 14:20:48] GET /api/cards 404 - 0.736 MS
[2023/10/02 21:58:05] POST /users/login 403 - 16.943 MS
[2023/10/02 22:17:48] POST /users/login 403 - 2.402 MS
[2023/10/02 22:17:49] POST /users/login 403 - 2.217 MS
[2023/10/02 22:43:27] GET /products 404 - 0.772 MS
[2023/10/02 22:43:27] GET /products 404 - 0.663 MS
[2023/10/02 22:44:30] POST /products 404 - 0.940 MS
[2023/10/02 22:44:37] POST /products 404 - 0.791 MS
[2023/10/02 22:45:32] GET /products 404 - 0.630 MS
[2023/10/02 22:45:32] GET /products 404 - 0.590 MS
[2023/10/02 22:51:30] GET /products 404 - 0.654 MS
[2023/10/02 22:51:30] GET /products 404 - 0.681 MS
[2023/10/02 22:52:03] GET /products 404 - 0.910 MS
[2023/10/02 22:52:03] GET /products 404 - 0.474 MS
[2023/10/02 22:52:23] GET /products 404 - 0.509 MS
[2023/10/02 22:52:23] GET /products 404 - 0.638 MS
[2023/10/02 23:14:32] GET /products 404 - 3.311 MS
[2023/10/02 23:15:03] POST /products 404 - 7.326 MS
[2023/10/02 23:15:12] POST /products 404 - 1.253 MS
[2023/10/02 23:17:39] POST /products 404 - 0.975 MS
[2023/10/02 23:19:37] GET /products 404 - 0.768 MS
[2023/10/02 23:24:57] GET /products 404 - 0.899 MS
[2023/10/02 23:25:18] GET /products 404 - 0.769 MS
[2023/10/02 23:25:18] GET /products 404 - 0.880 MS
[2023/10/02 23:27:46] GET /products 404 - 0.695 MS
[2023/10/02 23:29:27] GET /products 404 - 0.749 MS
[2023/10/02 23:36:32] GET /products 404 - 0.726 MS
[2023/10/02 23:51:27] GET /products 404 - 0.502 MS
[2023/10/02 23:51:27] GET /products 404 - 0.403 MS
[2023/10/02 23:51:28] GET /products 404 - 0.687 MS
[2023/10/02 23:51:28] GET /products 404 - 0.904 MS
