[2023/10/03 01:06:26] GET /products 404 - 0.490 MS
[2023/10/03 01:06:26] GET /products 404 - 0.657 MS
[2023/10/03 01:09:53] GET /products 404 - 0.505 MS
[2023/10/03 01:09:53] GET /products 404 - 0.349 MS
[2023/10/03 01:15:47] PUT /users/undefined 404 - 0.926 MS
[2023/10/03 01:22:18] GET /users/undefined 404 - 0.610 MS
[2023/10/03 01:22:18] GET /users/undefined 404 - 0.465 MS
[2023/10/03 01:24:10] GET /users/undefined 404 - 0.508 MS
[2023/10/03 01:25:35] GET /users/undefined 404 - 0.842 MS
[2023/10/03 01:28:33] GET /users/undefined 404 - 0.582 MS
[2023/10/03 01:28:40] GET /users/null 404 - 0.592 MS
[2023/10/03 01:28:48] GET /users/null 404 - 0.674 MS
[2023/10/03 01:28:48] GET /users/null 404 - 0.489 MS
[2023/10/03 01:29:17] GET /users/undefined/profile 404 - 0.730 MS
[2023/10/03 01:29:21] GET /users/undefined 404 - 0.669 MS
[2023/10/03 01:29:26] GET /users/ 404 - 0.680 MS
[2023/10/03 01:29:29] GET /users 404 - 0.532 MS
[2023/10/03 01:29:34] GET /users/undefined 404 - 0.597 MS
[2023/10/03 01:30:59] GET /users/undefined 404 - 0.753 MS
[2023/10/03 01:31:10] GET /users/undefined 404 - 0.578 MS
[2023/10/03 01:31:10] GET /users/undefined 404 - 0.311 MS
[2023/10/03 01:38:17] GET /users/undefined 404 - 3.410 MS
[2023/10/03 01:38:17] GET /users/undefined 404 - 6.118 MS
[2023/10/03 01:40:15] GET /user/undefined 404 - 0.800 MS
[2023/10/03 01:40:21] GET /users/undefined 404 - 0.844 MS
[2023/10/03 01:43:40] GET /users/undefined 404 - 1.278 MS
[2023/10/03 01:46:14] GET /users/:userId 404 - 1.006 MS
[2023/10/03 01:46:14] GET /users/:userId 404 - 0.516 MS
[2023/10/03 01:48:45] GET /users/undefined 404 - 0.601 MS
[2023/10/03 01:48:45] GET /users/undefined 404 - 0.609 MS
[2023/10/03 01:49:17] GET /users/undefined 404 - 0.777 MS
[2023/10/03 01:49:17] GET /users/undefined 404 - 0.597 MS
[2023/10/03 01:56:53] GET /users/undefined 404 - 0.738 MS
[2023/10/03 01:56:53] GET /users/undefined 404 - 0.396 MS
[2023/10/03 01:57:10] GET /users/undefined 404 - 0.599 MS
[2023/10/03 01:57:10] GET /users/undefined 404 - 0.367 MS
[2023/10/03 09:32:48] POST /users 400 - 20.904 MS
[2023/10/03 09:37:45] POST /users 400 - 6.586 MS
[2023/10/03 10:07:22] GET /products 404 - 1.137 MS
[2023/10/03 10:07:22] GET /products 404 - 0.519 MS
[2023/10/03 10:07:30] GET /products 404 - 0.573 MS
[2023/10/03 10:07:30] GET /products 404 - 0.478 MS
[2023/10/03 10:10:34] GET /products 404 - 0.978 MS
[2023/10/03 10:10:34] GET /products 404 - 1.069 MS
[2023/10/03 10:10:50] GET /products 404 - 0.774 MS
[2023/10/03 10:10:50] GET /products 404 - 0.804 MS
[2023/10/03 10:12:09] GET /products 404 - 0.760 MS
[2023/10/03 10:13:10] GET /products 404 - 1.140 MS
[2023/10/03 10:13:18] GET /products 404 - 0.538 MS
[2023/10/03 10:13:18] GET /products 404 - 0.656 MS
[2023/10/03 10:13:28] GET /products 404 - 0.628 MS
[2023/10/03 10:13:28] GET /products 404 - 0.475 MS
[2023/10/03 10:18:35] GET /products 404 - 1.080 MS
[2023/10/03 10:18:35] GET /users/current 404 - 0.670 MS
[2023/10/03 10:18:56] GET /products 404 - 0.689 MS
[2023/10/03 10:18:56] GET /users/current 404 - 0.436 MS
[2023/10/03 10:18:56] GET /products 404 - 0.958 MS
[2023/10/03 10:18:56] GET /users/current 404 - 1.240 MS
[2023/10/03 10:19:17] GET /products 404 - 0.471 MS
[2023/10/03 10:19:17] GET /products 404 - 0.834 MS
[2023/10/03 10:19:17] GET /users/current 404 - 1.264 MS
[2023/10/03 10:19:17] GET /users/current 404 - 2.449 MS
[2023/10/03 10:20:23] GET /products 404 - 0.546 MS
[2023/10/03 10:20:23] GET /users/current 404 - 0.500 MS
[2023/10/03 10:20:39] GET /products 404 - 0.671 MS
[2023/10/03 10:20:39] GET /products 404 - 0.793 MS
[2023/10/03 10:20:39] GET /users/current 404 - 1.412 MS
[2023/10/03 10:20:39] GET /users/current 404 - 2.343 MS
[2023/10/03 10:21:22] GET /products 404 - 0.650 MS
[2023/10/03 10:21:22] GET /users/current 404 - 0.524 MS
[2023/10/03 10:21:22] GET /products 404 - 0.657 MS
[2023/10/03 10:21:22] GET /users/current 404 - 1.337 MS
